"../../../../Users/ahmed/Documents/GitHub/UE_JAM_4_22/Content/Cinematics/MainMenuCameraMovement.uasset" 0
"../../../../Users/ahmed/Documents/GitHub/UE_JAM_4_22/Content/BluePrints/MasterVolume_Jam.uasset" 1
"../../../../Users/ahmed/Documents/GitHub/UE_JAM_4_22/Content/SFX/Step_01_Optimized.uasset" 2
"../../../../Users/ahmed/Documents/GitHub/UE_JAM_4_22/Content/SFX/Step_02_Optimized.uasset" 3
"../../../../Users/ahmed/Documents/GitHub/UE_JAM_4_22/Content/SFX/Step_03_Optimized.uasset" 4
"../../../Engine/Content/EditorBlueprintResources/StandardMacros.uasset" 5
"../../../../Users/ahmed/Documents/GitHub/UE_JAM_4_22/Content/BluePrints/ButtonType.uasset" 6
"../../../../Users/ahmed/Documents/GitHub/UE_JAM_4_22/Content/BluePrints/3D_ButtonActor.uasset" 7
"../../../../Users/ahmed/Documents/GitHub/UE_JAM_4_22/Content/BluePrints/3DUI_Interface.uasset" 8
"../../../../Users/ahmed/Documents/GitHub/UE_JAM_4_22/Content/UI/Fonts/zekton_rg.uasset" 9
"../../../../Users/ahmed/Documents/GitHub/UE_JAM_4_22/Content/UI/Fonts/zekton_rg_Font.uasset" 10
"../../../Engine/Content/VREditor/Sounds/UI/Gizmo_Handle_Clicked.uasset" 11
"../../../Engine/Content/VREditor/Sounds/UI/Scaling_Down.uasset" 12
"../../../../Users/ahmed/Documents/GitHub/UE_JAM_4_22/Content/UI/Info.uasset" 13
"../../../../Users/ahmed/Documents/GitHub/UE_JAM_4_22/Content/BluePrints/Jam_GameInstance.uasset" 14
"../../../Engine/Content/VREditor/Sounds/UI/Selection_Changes.uasset" 15
"../../../../Users/ahmed/Documents/GitHub/UE_JAM_4_22/Content/UI/3DButtonWidget.uasset" 16
"../../../../Users/ahmed/Documents/GitHub/UE_JAM_4_22/Content/UI/3DButton.uasset" 17
"../../../../Users/ahmed/Documents/GitHub/UE_JAM_4_22/Content/UI/DoorTerminal.uasset" 18
"../../../../Users/ahmed/Documents/GitHub/UE_JAM_4_22/Content/Models/Alienarm/AlienHand_Rigged_Skeleton.uasset" 19
"../../../../Users/ahmed/Documents/GitHub/UE_JAM_4_22/Content/Models/Alienarm/Idle.uasset" 20
"../../../../Users/ahmed/Documents/GitHub/UE_JAM_4_22/Content/Models/Alienarm/AlienHand_AnimBP.uasset" 21
"../../../../Users/ahmed/Documents/GitHub/UE_JAM_4_22/Content/SFX/Attunation/Steam.uasset" 22
"../../../../Users/ahmed/Documents/GitHub/UE_JAM_4_22/Content/SFX/Robot_Move.uasset" 23
"../../../../Users/ahmed/Documents/GitHub/UE_JAM_4_22/Content/Models/Alienarm/Pointing.uasset" 24
"../../../../Users/ahmed/Documents/GitHub/UE_JAM_4_22/Content/Models/Alienarm/Pointing_Montage.uasset" 25
"../../../../Users/ahmed/Documents/GitHub/UE_JAM_4_22/Content/Models/Objects/RobotHelper/Robot_Helper_Rigg_Skeleton.uasset" 26
"../../../../Users/ahmed/Documents/GitHub/UE_JAM_4_22/Content/Models/Objects/RobotHelper/Idle.uasset" 27
"../../../../Users/ahmed/Documents/GitHub/UE_JAM_4_22/Content/Models/Objects/RobotHelper/Moving.uasset" 28
"../../../../Users/ahmed/Documents/GitHub/UE_JAM_4_22/Content/Models/Objects/RobotHelper/Moving_Additive.uasset" 29
"../../../../Users/ahmed/Documents/GitHub/UE_JAM_4_22/Content/Models/Objects/RobotHelper/Robot_AnimBP.uasset" 30
"../../../../Users/ahmed/Documents/GitHub/UE_JAM_4_22/Content/BluePrints/Interface/Looteable.uasset" 31
"../../../../Users/ahmed/Documents/GitHub/UE_JAM_4_22/Content/BluePrints/Master_Interactable.uasset" 32
"../../../Engine/Content/BasicShapes/BasicShapeMaterial.uasset" 33
"../../../Engine/Content/Functions/Engine_MaterialFunctions01/Opacity/CameraDepthFade.uasset" 34
"../../../Engine/Content/EngineMaterials/T_Default_Material_Grid_M.uasset" 35
"../../../Engine/Content/EngineMaterials/T_Default_Material_Grid_N.uasset" 36
"../../../Engine/Content/EngineMaterials/DefaultMaterial.uasset" 37
"../../../Engine/Content/BasicShapes/Sphere.uasset" 38
"../../../../Users/ahmed/Documents/GitHub/UE_JAM_4_22/Content/BluePrints/Actor/Loot/Master_LootObject.uasset" 39
"../../../../Users/ahmed/Documents/GitHub/UE_JAM_4_22/Content/Materials/NewMaterialParameterCollection.uasset" 40
"../../../../Users/ahmed/Documents/GitHub/UE_JAM_4_22/Content/Materials/Scrap.uasset" 41
"../../../Engine/Content/EngineMaterials/WorldGridMaterial.uasset" 42
"../../../../Users/ahmed/Documents/GitHub/UE_JAM_4_22/Content/Models/Objects/Scrap/CogWheel.uasset" 43
"../../../../Users/ahmed/Documents/GitHub/UE_JAM_4_22/Content/Models/Objects/Scrap/MetalSheet.uasset" 44
"../../../../Users/ahmed/Documents/GitHub/UE_JAM_4_22/Content/Models/Objects/Scrap/scrapCube.uasset" 45
"../../../../Users/ahmed/Documents/GitHub/UE_JAM_4_22/Content/Models/Objects/Scrap/ScrapPipe.uasset" 46
"../../../../Users/ahmed/Documents/GitHub/UE_JAM_4_22/Content/BluePrints/Actor/Loot/MetalScrap.uasset" 47
"../../../Engine/Content/Functions/Engine_MaterialFunctions02/ExampleContent/Greyscale.uasset" 48
"../../../../Users/ahmed/Documents/GitHub/UE_JAM_4_22/Content/Materials/CrosshairMaterial.uasset" 49
"../../../../Users/ahmed/Documents/GitHub/UE_JAM_4_22/Content/UI/Item.uasset" 50
"../../../../Users/ahmed/Documents/GitHub/UE_JAM_4_22/Content/UI/HUD.uasset" 51
"../../../../Users/ahmed/Documents/GitHub/UE_JAM_4_22/Content/BluePrints/GameMode/GameJam_PlayerController.uasset" 52
"../../../../Users/ahmed/Documents/GitHub/UE_JAM_4_22/Content/Textures/oxygenFilter/OxygenFilter_Oxygen_Filter_mat_BaseColor.uasset" 53
"../../../../Users/ahmed/Documents/GitHub/UE_JAM_4_22/Content/Textures/oxygenFilter/OxygenFilter_Oxygen_Filter_mat_Emissive.uasset" 54
"../../../../Users/ahmed/Documents/GitHub/UE_JAM_4_22/Content/Textures/oxygenFilter/OxygenFilter_Oxygen_Filter_mat_OcclusionRoughnessMetallic.uasset" 55
"../../../../Users/ahmed/Documents/GitHub/UE_JAM_4_22/Content/Textures/oxygenFilter/OxygenFilter_Oxygen_Filter_mat_BaseColor_Mat.uasset" 56
"../../../../Users/ahmed/Documents/GitHub/UE_JAM_4_22/Content/Models/OxygenFilter.uasset" 57
"../../../../Users/ahmed/Documents/GitHub/UE_JAM_4_22/Content/BluePrints/Actor/PowerUp/Oxygen_Pickup.uasset" 58
"../../../../Users/ahmed/Documents/GitHub/UE_JAM_4_22/Content/BluePrints/AI/RobotBlackBoard.uasset" 59
"../../../../Users/ahmed/Documents/GitHub/UE_JAM_4_22/Content/BluePrints/AI/GoToHitLocation.uasset" 60
"../../../../Users/ahmed/Documents/GitHub/UE_JAM_4_22/Content/BluePrints/AI/RobotBehaviorTree.uasset" 61
"../../../../Users/ahmed/Documents/GitHub/UE_JAM_4_22/Content/BluePrints/AI/RobotAIController.uasset" 62
"../../../../Users/ahmed/Documents/GitHub/UE_JAM_4_22/Content/BluePrints/Interface/Hackeable.uasset" 63
"../../../../Users/ahmed/Documents/GitHub/UE_JAM_4_22/Content/BluePrints/Master_HackObject.uasset" 64
"../../../../Users/ahmed/Documents/GitHub/UE_JAM_4_22/Content/Materials/Green_Emissive.uasset" 65
"../../../../Users/ahmed/Documents/GitHub/UE_JAM_4_22/Content/Materials/Red_Emission.uasset" 66
"../../../../Users/ahmed/Documents/GitHub/UE_JAM_4_22/Content/Materials/White.uasset" 67
"../../../../Users/ahmed/Documents/GitHub/UE_JAM_4_22/Content/Textures/Door/Door_mat_Base_Color.uasset" 68
"../../../../Users/ahmed/Documents/GitHub/UE_JAM_4_22/Content/Textures/Door/Door_mat_Base_Color_Mat.uasset" 69
"../../../Engine/Content/BasicShapes/Cube.uasset" 70
"../../../../Users/ahmed/Documents/GitHub/UE_JAM_4_22/Content/Models/Objects/Door_1.uasset" 71
"../../../../Users/ahmed/Documents/GitHub/UE_JAM_4_22/Content/Models/Objects/Door_Frame.uasset" 72
"../../../../Users/ahmed/Documents/GitHub/UE_JAM_4_22/Content/SFX/Attunation/Robot.uasset" 73
"../../../../Users/ahmed/Documents/GitHub/UE_JAM_4_22/Content/SFX/Door_Open_1.uasset" 74
"../../../../Users/ahmed/Documents/GitHub/UE_JAM_4_22/Content/BluePrints/Door_Master.uasset" 75
"../../../../Users/ahmed/Documents/GitHub/UE_JAM_4_22/Content/Textures/Misc/shaft.uasset" 76
"../../../../Users/ahmed/Documents/GitHub/UE_JAM_4_22/Content/Textures/Misc/LightShaft.uasset" 77
"../../../../Users/ahmed/Documents/GitHub/UE_JAM_4_22/Content/Textures/Misc/LightShaft_Inst.uasset" 78
"../../../../Users/ahmed/Documents/GitHub/UE_JAM_4_22/Content/Textures/RobotHelper/Lense_Base_Color.uasset" 79
"../../../../Users/ahmed/Documents/GitHub/UE_JAM_4_22/Content/Textures/RobotHelper/Lense_Metallic.uasset" 80
"../../../../Users/ahmed/Documents/GitHub/UE_JAM_4_22/Content/Textures/RobotHelper/Lense_Mixed_AO.uasset" 81
"../../../../Users/ahmed/Documents/GitHub/UE_JAM_4_22/Content/Textures/RobotHelper/Lense_Roughness.uasset" 82
"../../../../Users/ahmed/Documents/GitHub/UE_JAM_4_22/Content/Models/Objects/RobotHelper/Lense.uasset" 83
"../../../../Users/ahmed/Documents/GitHub/UE_JAM_4_22/Content/Textures/RobotHelper/Helper_mat_Base_Color.uasset" 84
"../../../../Users/ahmed/Documents/GitHub/UE_JAM_4_22/Content/Textures/RobotHelper/Helper_mat_Emissive.uasset" 85
"../../../../Users/ahmed/Documents/GitHub/UE_JAM_4_22/Content/Textures/RobotHelper/Helper_mat_Mixed_AO.uasset" 86
"../../../../Users/ahmed/Documents/GitHub/UE_JAM_4_22/Content/Textures/RobotHelper/Helper_mat_Roughness.uasset" 87
"../../../../Users/ahmed/Documents/GitHub/UE_JAM_4_22/Content/Textures/RobotHelper/Helper_mat_Base_Color_Mat.uasset" 88
"../../../../Users/ahmed/Documents/GitHub/UE_JAM_4_22/Content/Models/Objects/RobotHelper/Robot_Helper_Rigg_PhysicsAsset.uasset" 89
"../../../../Users/ahmed/Documents/GitHub/UE_JAM_4_22/Content/Models/Objects/RobotHelper/Robot_Helper_Rigg.uasset" 90
"../../../../Users/ahmed/Documents/GitHub/UE_JAM_4_22/Content/Models/PickupCone.uasset" 91
"../../../../Users/ahmed/Documents/GitHub/UE_JAM_4_22/Content/SFX/Hacking.uasset" 92
"../../../../Users/ahmed/Documents/GitHub/UE_JAM_4_22/Content/SFX/Cues/Hacking_Cue.uasset" 93
"../../../../Users/ahmed/Documents/GitHub/UE_JAM_4_22/Content/SFX/Robo_Pick_up.uasset" 94
"../../../../Users/ahmed/Documents/GitHub/UE_JAM_4_22/Content/SFX/Cues/Robo_Pick_up_Cue.uasset" 95
"../../../../Users/ahmed/Documents/GitHub/UE_JAM_4_22/Content/SFX/Looting.uasset" 96
"../../../../Users/ahmed/Documents/GitHub/UE_JAM_4_22/Content/BluePrints/Character/Robot.uasset" 97
"../../../../Users/ahmed/Documents/GitHub/UE_JAM_4_22/Content/BluePrints/LocationFinder.uasset" 98
"../../../../Users/ahmed/Documents/GitHub/UE_JAM_4_22/Content/Debug/Crouch_Footstep.uasset" 99
"../../../../Users/ahmed/Documents/GitHub/UE_JAM_4_22/Content/Debug/Footstep.uasset" 100
"../../../../Users/ahmed/Documents/GitHub/UE_JAM_4_22/Content/Debug/Hurt.uasset" 101
"../../../../Users/ahmed/Documents/GitHub/UE_JAM_4_22/Content/Effects/ParticleSystems/Pointer/down-arrow.uasset" 102
"../../../../Users/ahmed/Documents/GitHub/UE_JAM_4_22/Content/Effects/ParticleSystems/Pointer/DownArrow_Mat.uasset" 103
"../../../Engine/Content/Functions/Engine_MaterialFunctions01/Density/ExponentialDensity.uasset" 104
"../../../Engine/Content/Functions/Engine_MaterialFunctions01/Gradient/RadialGradientExponential.uasset" 105
"../../../../Users/ahmed/Documents/GitHub/UE_JAM_4_22/Content/Effects/ParticleSystems/Pointer/Pointer_Mat.uasset" 106
"../../../../Users/ahmed/Documents/GitHub/UE_JAM_4_22/Content/Effects/ParticleSystems/Pointer/Pointer.uasset" 107
"../../../../Users/ahmed/Documents/GitHub/UE_JAM_4_22/Content/Textures/AlienArm/lambert2_Base_Color.uasset" 108
"../../../../Users/ahmed/Documents/GitHub/UE_JAM_4_22/Content/Textures/AlienArm/lambert2_Mixed_AO.uasset" 109
"../../../../Users/ahmed/Documents/GitHub/UE_JAM_4_22/Content/Textures/AlienArm/lambert2_Roughness.uasset" 110
"../../../../Users/ahmed/Documents/GitHub/UE_JAM_4_22/Content/Textures/AlienArm/lambert2_Base_Color_Mat.uasset" 111
"../../../../Users/ahmed/Documents/GitHub/UE_JAM_4_22/Content/Models/Alienarm/AlienHand_Rigged_PhysicsAsset.uasset" 112
"../../../../Users/ahmed/Documents/GitHub/UE_JAM_4_22/Content/Models/Alienarm/AlienHand_Rigged.uasset" 113
"../../../../Users/ahmed/Documents/GitHub/UE_JAM_4_22/Content/SFX/ExampleDie_01.uasset" 114
"../../../../Users/ahmed/Documents/GitHub/UE_JAM_4_22/Content/SFX/Cues/Damage.uasset" 115
"../../../../Users/ahmed/Documents/GitHub/UE_JAM_4_22/Content/SFX/Death.uasset" 116
"../../../../Users/ahmed/Documents/GitHub/UE_JAM_4_22/Content/SFX/Landing_1.uasset" 117
"../../../../Users/ahmed/Documents/GitHub/UE_JAM_4_22/Content/SFX/Cues/Die.uasset" 118
"../../../../Users/ahmed/Documents/GitHub/UE_JAM_4_22/Content/SFX/Cues/Footstep.uasset" 119
"../../../../Users/ahmed/Documents/GitHub/UE_JAM_4_22/Content/SFX/RoboVoice_-_Oxygen_Levels_Critical.uasset" 120
"../../../../Users/ahmed/Documents/GitHub/UE_JAM_4_22/Content/SFX/RoboVoice_-_Oxygen_Levels_Low.uasset" 121
"../../../Engine/Content/VREditor/Sounds/UI/Dockable_Window_Close.uasset" 122
"../../../../Users/ahmed/Documents/GitHub/UE_JAM_4_22/Content/UI/Icons/clockwise-rotation.uasset" 123
"../../../../Users/ahmed/Documents/GitHub/UE_JAM_4_22/Content/UI/DieScreen.uasset" 124
"../../../../Users/ahmed/Documents/GitHub/UE_JAM_4_22/Content/UI/Fonts/DisposableDroidBB_bldital.uasset" 125
"../../../../Users/ahmed/Documents/GitHub/UE_JAM_4_22/Content/UI/Fonts/DisposableDroidBB_bldital_Font.uasset" 126
"../../../../Users/ahmed/Documents/GitHub/UE_JAM_4_22/Content/UI/Button.uasset" 127
"../../../../Users/ahmed/Documents/GitHub/UE_JAM_4_22/Content/UI/PauseMenu.uasset" 128
"../../../../Users/ahmed/Documents/GitHub/UE_JAM_4_22/Content/BluePrints/Character/MyCharacter.uasset" 129
"../../../../Users/ahmed/Documents/GitHub/UE_JAM_4_22/Content/UI/Icons/oxygen-tube-pngrepo-com.uasset" 130
"../../../../Users/ahmed/Documents/GitHub/UE_JAM_4_22/Content/UI/Icons/oxygen-tube-pngrepo-com_-_filedd.uasset" 131
"../../../../Users/ahmed/Documents/GitHub/UE_JAM_4_22/Content/UI/Icons/white-cross.uasset" 132
"../../../../Users/ahmed/Documents/GitHub/UE_JAM_4_22/Content/UI/Icons/white-cross__fill.uasset" 133
"../../../../Users/ahmed/Documents/GitHub/UE_JAM_4_22/Content/UI/healtOxynBar.uasset" 134
"../../../../Users/ahmed/Documents/GitHub/UE_JAM_4_22/Content/UI/oxygenBar.uasset" 135
"../../../../Users/ahmed/Documents/GitHub/UE_JAM_4_22/Content/UI/Fonts/DisposableDroidBB.uasset" 136
"../../../../Users/ahmed/Documents/GitHub/UE_JAM_4_22/Content/UI/Fonts/DisposableDroidBB_Font.uasset" 137
"../../../../Users/ahmed/Documents/GitHub/UE_JAM_4_22/Content/UI/Fonts/DisposableDroidBB_ital.uasset" 138
"../../../../Users/ahmed/Documents/GitHub/UE_JAM_4_22/Content/UI/Fonts/DisposableDroidBB_ital_Font.uasset" 139
"../../../../Users/ahmed/Documents/GitHub/UE_JAM_4_22/Content/UI/Fonts/FFFFORWA.uasset" 140
"../../../../Users/ahmed/Documents/GitHub/UE_JAM_4_22/Content/UI/Fonts/FFFFORWA_Font.uasset" 141
"../../../../Users/ahmed/Documents/GitHub/UE_JAM_4_22/Content/UI/Fonts/HUMANOIDSTRAIGHT.uasset" 142
"../../../../Users/ahmed/Documents/GitHub/UE_JAM_4_22/Content/UI/Fonts/HUMANOIDSTRAIGHT_Font.uasset" 143
"../../../../Users/ahmed/Documents/GitHub/UE_JAM_4_22/Content/UI/Fonts/HUMANOID.uasset" 144
"../../../../Users/ahmed/Documents/GitHub/UE_JAM_4_22/Content/UI/Fonts/HUMANOID_Font.uasset" 145
"../../../../Users/ahmed/Documents/GitHub/UE_JAM_4_22/Content/UI/Icons/aid.uasset" 146
"../../../../Users/ahmed/Documents/GitHub/UE_JAM_4_22/Content/UI/Icons/anticlockwise-rotation.uasset" 147
"../../../../Users/ahmed/Documents/GitHub/UE_JAM_4_22/Content/UI/Icons/arrow-cursor.uasset" 148
"../../../../Users/ahmed/Documents/GitHub/UE_JAM_4_22/Content/UI/Icons/circle.uasset" 149
"../../../../Users/ahmed/Documents/GitHub/UE_JAM_4_22/Content/UI/Icons/health-care.uasset" 150
"../../../../Users/ahmed/Documents/GitHub/UE_JAM_4_22/Content/UI/Icons/hospital-medical-signal-of-a-cross-in-a-circle.uasset" 151
"../../../../Users/ahmed/Documents/GitHub/UE_JAM_4_22/Content/UI/Icons/hospital.uasset" 152
"../../../../Users/ahmed/Documents/GitHub/UE_JAM_4_22/Content/UI/Icons/oxygen-pngrepo-com.uasset" 153
"../../../../Users/ahmed/Documents/GitHub/UE_JAM_4_22/Content/UI/Icons/oxygen-pngrepo-com__1_.uasset" 154
"../../../../Users/ahmed/Documents/GitHub/UE_JAM_4_22/Content/UI/Icons/oxygen-structure.uasset" 155
"../../../../Users/ahmed/Documents/GitHub/UE_JAM_4_22/Content/UI/Icons/plus-cross-signal-in-a-square.uasset" 156
"../../../../Users/ahmed/Documents/GitHub/UE_JAM_4_22/Content/UI/Icons/skull.uasset" 157
"../../../Engine/Content/Animation/DefaultAnimCurveCompressionSettings.uasset" 158
"../../../Engine/Content/ArtTools/RenderToTexture/Meshes/S_1_Unit_Plane.uasset" 159
"../../../Engine/Content/BasicShapes/Cone.uasset" 160
"../../../Engine/Content/BasicShapes/Plane.uasset" 161
"../../../Engine/Content/EditorLandscapeResources/DataLayer.uasset" 162
"../../../Engine/Content/EditorMaterials/GizmoMaterial.uasset" 163
"../../../Engine/Content/EditorMaterials/MAT_Groups_Toggle.uasset" 164
"../../../Engine/Content/EditorMaterials/MAT_Groups_Visibility.uasset" 165
"../../../Engine/Content/EditorMaterials/PreviewShadowIndicator.uasset" 166
"../../../Engine/Content/EditorMaterials/PreviewShadowIndicatorMaterial.uasset" 167
"../../../Engine/Content/EditorMaterials/MatineeGroups/MAT_ColorTrack.uasset" 168
"../../../Engine/Content/EditorMaterials/MatineeGroups/MAT_Groups_Anim.uasset" 169
"../../../Engine/Content/EditorMaterials/MatineeGroups/MAT_Groups_AudioMaster.uasset" 170
"../../../Engine/Content/EditorMaterials/MatineeGroups/MAT_Groups_Director.uasset" 171
"../../../Engine/Content/EditorMaterials/MatineeGroups/MAT_Groups_Event.uasset" 172
"../../../Engine/Content/EditorMaterials/MatineeGroups/MAT_Groups_Fade.uasset" 173
"../../../Engine/Content/EditorMaterials/MatineeGroups/MAT_Groups_Float.uasset" 174
"../../../Engine/Content/EditorMaterials/MatineeGroups/MAT_Groups_Move.uasset" 175
"../../../Engine/Content/EditorMaterials/MatineeGroups/MAT_Groups_Slomo.uasset" 176
"../../../Engine/Content/EditorMaterials/MatineeGroups/MAT_Groups_Sound.uasset" 177
"../../../Engine/Content/EditorMaterials/MatineeGroups/MAT_Groups_Vector.uasset" 178
"../../../Engine/Content/EditorMaterials/ParticleSystems/PSysThumbnail_NoImage.uasset" 179
"../../../Engine/Content/EditorMaterials/ParticleSystems/PSysThumbnail_OOD.uasset" 180
"../../../Engine/Content/EditorMaterials/Camera/CineMat.uasset" 181
"../../../Engine/Content/EditorMaterials/Camera/MI_CineMat_Rig.uasset" 182
"../../../Engine/Content/EditorMeshes/Camera/SM_CraneRig_Arm.uasset" 183
"../../../Engine/Content/EditorMeshes/Camera/SM_CraneRig_Base.uasset" 184
"../../../Engine/Content/EditorMeshes/Camera/SM_CraneRig_Body.uasset" 185
"../../../Engine/Content/EditorMeshes/Camera/SM_CraneRig_Mount.uasset" 186
"../../../Engine/Content/EditorMeshes/Camera/SM_RailRig_Mount.uasset" 187
"../../../Engine/Content/EditorMeshes/Camera/SM_RailRig_Track.uasset" 188
"../../../Engine/Content/EditorResources/BSPVertex.uasset" 189
"../../../Engine/Content/EditorResources/EmptyActor.uasset" 190
"../../../Engine/Content/EditorResources/S_Actor.uasset" 191
"../../../Engine/Content/EditorResources/S_Note.uasset" 192
"../../../Engine/Content/EditorResources/S_Trigger.uasset" 193
"../../../Engine/Content/EditorResources/AudioIcons/S_AudioComponent.uasset" 194
"../../../Engine/Content/EditorResources/AudioIcons/S_AudioComponent_AutoActivate.uasset" 195
"../../../Engine/Content/EditorResources/LightIcons/S_LightError.uasset" 196
"../../../Engine/Content/EditorResources/SequenceRecorder/Countdown.uasset" 197
"../../../Engine/Content/EditorResources/SequenceRecorder/RecordingIndicator.uasset" 198
"../../../Engine/Content/EditorSounds/Notifications/CompileFailed.uasset" 199
"../../../Engine/Content/EditorSounds/Notifications/CompileFailed_Cue.uasset" 200
"../../../Engine/Content/EditorSounds/Notifications/CompileSuccess.uasset" 201
"../../../Engine/Content/EditorSounds/Notifications/CompileStart_Cue.uasset" 202
"../../../Engine/Content/EditorSounds/Notifications/CompileSuccess_Cue.uasset" 203
"../../../Engine/Content/EngineDamageTypes/DmgTypeBP_Environmental.uasset" 204
"../../../Engine/Content/EngineDebugMaterials/HeatmapGradient.uasset" 205
"../../../Engine/Content/EngineDebugMaterials/BoneWeightMaterial.uasset" 206
"../../../Engine/Content/EngineDebugMaterials/ClothMaterial.uasset" 207
"../../../Engine/Content/EngineDebugMaterials/ClothMaterial_WF.uasset" 208
"../../../Engine/Content/EngineDebugMaterials/DebugEditorMaterial.uasset" 209
"../../../Engine/Content/EngineDebugMaterials/DebugMeshMaterial.uasset" 210
"../../../Engine/Content/EngineDebugMaterials/GeomMaterial.uasset" 211
"../../../Engine/Content/EngineDebugMaterials/M_SimpleTranslucent.uasset" 212
"../../../Engine/Content/EngineFonts/Faces/RobotoBold.uasset" 213
"../../../Engine/Content/EngineFonts/Faces/RobotoBoldItalic.uasset" 214
"../../../Engine/Content/EngineFonts/Faces/RobotoItalic.uasset" 215
"../../../Engine/Content/EngineFonts/Faces/RobotoLight.uasset" 216
"../../../Engine/Content/EngineFonts/Faces/RobotoRegular.uasset" 217
"../../../Engine/Content/EngineFonts/Roboto.uasset" 218
"../../../Engine/Content/EngineFonts/Faces/RobotoTiny.uasset" 219
"../../../Engine/Content/EngineFonts/RobotoTiny.uasset" 220
"../../../Engine/Content/EngineMaterials/BaseFlattenDiffuseMap.uasset" 221
"../../../Engine/Content/EngineMaterials/BaseFlattenEmissiveMap.uasset" 222
"../../../Engine/Content/EngineMaterials/BaseFlattenGrayscaleMap.uasset" 223
"../../../Engine/Content/EngineMaterials/BaseFlattenNormalMap.uasset" 224
"../../../Engine/Content/EngineMaterials/BaseFlattenMaterial.uasset" 225
"../../../Engine/Content/EngineMaterials/DefaultBloomKernel.uasset" 226
"../../../Engine/Content/EngineMaterials/DefaultBokeh.uasset" 227
"../../../Engine/Content/EngineMaterials/DefaultDiffuse.uasset" 228
"../../../Engine/Content/EngineMaterials/DefaultDeferredDecalMaterial.uasset" 229
"../../../Engine/Content/EngineMaterials/DefaultLightFunctionMaterial.uasset" 230
"../../../Engine/Content/EngineMaterials/DefaultPhysicalMaterial.uasset" 231
"../../../Engine/Content/Functions/Engine_MaterialFunctions02/Utility/BreakOutFloat2Components.uasset" 232
"../../../Engine/Content/EngineMaterials/DefaultPostProcessMaterial.uasset" 233
"../../../Engine/Content/EngineFonts/RobotoDistanceField.uasset" 234
"../../../Engine/Content/EngineMaterials/DefaultTextMaterialOpaque.uasset" 235
"../../../Engine/Content/EngineMaterials/DefaultWhiteGrid.uasset" 236
"../../../Engine/Content/EngineMaterials/EditorBrushMaterial.uasset" 237
"../../../Engine/Content/EngineMaterials/Good64x64TilingNoiseHighFreq.uasset" 238
"../../../Engine/Content/EngineMaterials/MiniFont.uasset" 239
"../../../Engine/Content/EngineMaterials/InvalidLightmapSettings.uasset" 240
"../../../Engine/Content/EngineMaterials/M_InvalidLightmapSettings.uasset" 241
"../../../Engine/Content/Functions/Engine_MaterialFunctions02/WorldPositionOffset/CameraOffset.uasset" 242
"../../../Engine/Content/EngineMaterials/PhAT_JointLimitMaterial.uasset" 243
"../../../Engine/Content/EngineMaterials/PreintegratedSkinBRDF.uasset" 244
"../../../Engine/Content/EngineMaterials/RemoveSurfaceMaterial.uasset" 245
"../../../Engine/Content/EngineMaterials/WeightMapPlaceholderTexture.uasset" 246
"../../../Engine/Content/EngineResources/WhiteSquareTexture.uasset" 247
"../../../Engine/Content/EngineMaterials/Widget3DPassThrough.uasset" 248
"../../../Engine/Content/EngineMaterials/Widget3DPassThrough_Masked.uasset" 249
"../../../Engine/Content/EngineMaterials/Widget3DPassThrough_Opaque.uasset" 250
"../../../Engine/Content/EngineMaterials/Widget3DPassThrough_Masked_OneSided.uasset" 251
"../../../Engine/Content/EngineMaterials/Widget3DPassThrough_Opaque_OneSided.uasset" 252
"../../../Engine/Content/EngineMaterials/Widget3DPassThrough_Translucent.uasset" 253
"../../../Engine/Content/EngineMaterials/Widget3DPassThrough_Translucent_OneSided.uasset" 254
"../../../Engine/Content/EngineMeshes/Cylinder.uasset" 255
"../../../Engine/Content/EngineMeshes/Sphere.uasset" 256
"../../../Engine/Content/EngineResources/DefaultTexture.uasset" 257
"../../../Engine/Content/EngineResources/DefaultTextureCube.uasset" 258
"../../../Engine/Content/EngineResources/DefaultVolumeTexture2D.uasset" 259
"../../../Engine/Content/EngineResources/DefaultVolumeTexture.uasset" 260
"../../../Engine/Content/EngineResources/GradientTexture0.uasset" 261
"../../../Engine/Content/EngineSounds/Master.uasset" 262
"../../../Engine/Content/Functions/Engine_MaterialFunctions01/Shading/ConvertFromDiffSpec.uasset" 263
"../../../Engine/Content/Functions/Engine_MaterialFunctions01/Shading/PowerToRoughness.uasset" 264
"../../../Engine/Content/Maps/Templates/Thumbnails/Default.uasset" 265
"../../../Engine/Content/Maps/Templates/Thumbnails/VR-Basic.uasset" 266
"../../../Engine/Content/MobileResources/T_MobileControls_texture.uasset" 267
"../../../Engine/Content/MobileResources/T_MobileMenu2.uasset" 268
"../../../Engine/Content/MobileResources/HUD/AnalogHat.uasset" 269
"../../../Engine/Content/MobileResources/HUD/VirtualJoystick_Background.uasset" 270
"../../../Engine/Content/MobileResources/HUD/VirtualJoystick_Thumb.uasset" 271
"../../../Engine/Content/MobileResources/HUD/DefaultVirtualJoysticks.uasset" 272
"../../../Engine/Content/MobileResources/HUD/LeftVirtualJoystickOnly.uasset" 273
"../../../Engine/Content/MobileResources/HUD/MobileHUDButton1_off.uasset" 274
"../../../Engine/Content/MobileResources/HUD/MobileHUDButton1_on.uasset" 275
"../../../Engine/Content/MobileResources/HUD/MobileHUDButton2_off.uasset" 276
"../../../Engine/Content/MobileResources/HUD/MobileHUDButton2_on.uasset" 277
"../../../Engine/Content/MobileResources/HUD/MobileHUDButton3.uasset" 278
"../../../Engine/Content/MobileResources/HUD/MobileHUDButtonFire.uasset" 279
"../../../Engine/Content/MobileResources/HUD/MobileHUDDirectionPad.uasset" 280
"../../../Engine/Content/MobileResources/HUD/MobileHUDDirectionPad2.uasset" 281
"../../../Engine/Content/MobileResources/HUD/MobileHUDDirectionPad3.uasset" 282
"../../../Engine/Content/MobileResources/HUD/MobileHUDDirectionStick.uasset" 283
"../../../Engine/Content/MobileResources/HUD/T_Castle_ThumbstickInner.uasset" 284
"../../../Engine/Content/MobileResources/HUD/T_Castle_ThumbstickOutter.uasset" 285
"../../../Engine/Content/Tutorial/ContentIntroCurve.uasset" 286
"../../../Engine/Content/Tutorial/Basics/LevelEditorAttract.uasset" 287
"../../../Engine/Content/Tutorial/Installation/InstallingVisualStudioTutorial.uasset" 288
"../../../Engine/Content/VREditor/LaserPointer/VR_LaserPower_01.uasset" 289
"../../../Engine/Content/VREditor/TransformGizmo/TransformGizmoMaterial.uasset" 290
"../../../Engine/Content/VREditor/TransformGizmo/TranslucentTransformGizmoMaterial.uasset" 291
"../../../Engine/Content/VREditor/TransformGizmo/BoundingBoxCorner.uasset" 292
"../../../Engine/Content/VREditor/TransformGizmo/BoundingBoxEdge.uasset" 293
"../../../Engine/Content/VREditor/TransformGizmo/PlaneTranslationHandle.uasset" 294
"../../../Engine/Content/VREditor/TransformGizmo/Main.uasset" 295
"../../../Engine/Content/VREditor/TransformGizmo/Xray.uasset" 296
"../../../Engine/Content/VREditor/TransformGizmo/SM_Sequencer_Key.uasset" 297
"../../../Engine/Content/VREditor/TransformGizmo/SM_Sequencer_Node.uasset" 298
"../../Plugins/2D/Paper2D/Content/PlaceholderTextures/DummySpriteTexture.uasset" 299
"../../Plugins/2D/Paper2D/Content/DummySprite.uasset" 300
"../../Plugins/2D/Paper2D/Content/DefaultPaperTerrainMaterial.uasset" 301
"../../Plugins/2D/Paper2D/Content/DummySpriteTexture.uasset" 302
"../../Plugins/2D/Paper2D/Content/DefaultSpriteMaterial.uasset" 303
"../../Plugins/2D/Paper2D/Content/MaskedUnlitSpriteMaterial.uasset" 304
"../../Plugins/2D/Paper2D/Content/OpaqueUnlitSpriteMaterial.uasset" 305
"../../Plugins/Runtime/Oculus/OculusVR/Content/OculusMR_RenderTarget.uasset" 306
"../../../Engine/Content/Functions/Engine_MaterialFunctions02/Utility/BreakOutFloat4Components.uasset" 307
"../../../Engine/Content/Functions/Engine_MaterialFunctions02/Utility/MakeFloat2.uasset" 308
"../../../Engine/Content/Functions/Engine_MaterialFunctions02/Utility/MakeFloat3.uasset" 309
"../../Plugins/Runtime/Oculus/OculusVR/Content/Materials/OculusMR_ChromaKey.uasset" 310
"../../Plugins/Runtime/Oculus/OculusVR/Content/Materials/OculusMR_ChromaKey_Lit.uasset" 311
"../../Plugins/Runtime/Oculus/OculusVR/Content/Materials/OculusMR_OpaqueColoredMaterial.uasset" 312
"../../Plugins/Runtime/Oculus/OculusVR/Content/Materials/OculusMR_WhiteMaterial.uasset" 313
"../../Plugins/Runtime/Oculus/OculusVR/Content/Materials/PokeAHoleMaterial.uasset" 314
"../../Plugins/Runtime/Oculus/OculusVR/Content/Textures/GearVRController_AO.uasset" 315
"../../Plugins/Runtime/Oculus/OculusVR/Content/Textures/GearVRController_Color.uasset" 316
"../../Plugins/Runtime/Oculus/OculusVR/Content/Textures/GearVRController_Normal.uasset" 317
"../../Plugins/Runtime/Oculus/OculusVR/Content/Materials/GearVRControllerMaterial.uasset" 318
"../../Plugins/Runtime/Oculus/OculusVR/Content/Meshes/GearVrController.uasset" 319
"../../Plugins/Runtime/Oculus/OculusVR/Content/Textures/touchController_albedo.uasset" 320
"../../Plugins/Runtime/Oculus/OculusVR/Content/Textures/touchController_controlmap.uasset" 321
"../../Plugins/Runtime/Oculus/OculusVR/Content/Materials/touchController_mat.uasset" 322
"../../Plugins/Runtime/Oculus/OculusVR/Content/Meshes/LeftTouchController.uasset" 323
"../../Plugins/Runtime/Oculus/OculusVR/Content/Meshes/RiftHMD.uasset" 324
"../../Plugins/Runtime/Oculus/OculusVR/Content/Meshes/RightTouchController.uasset" 325
"../../../Engine/Content/EngineResources/Black.uasset" 326
"../../../../Users/ahmed/Documents/GitHub/UE_JAM_4_22/Content/Effects/ParticleSystems/SteamParticle/Masters/M_Add_Sprite_SubUV_Master.uasset" 327
"../../../../Users/ahmed/Documents/GitHub/UE_JAM_4_22/Content/Effects/ParticleSystems/SteamParticle/FX_Textures/Smoke/T_SmokeBall_01_8_8.uasset" 328
"../../../../Users/ahmed/Documents/GitHub/UE_JAM_4_22/Content/Effects/ParticleSystems/SteamParticle/FX_Materials/Smoke/M_Smoke_01_8X8_INST.uasset" 329
"../../../../Users/ahmed/Documents/GitHub/UE_JAM_4_22/Content/Effects/ParticleSystems/SteamParticle/FX_Mobile/ICE/combat/P_MagicSpray_Ice_Optimized.uasset" 330
"../../../../Users/ahmed/Documents/GitHub/UE_JAM_4_22/Content/SFX/Static_steam.uasset" 331
"../../../../Users/ahmed/Documents/GitHub/UE_JAM_4_22/Content/SFX/Steam.uasset" 332
"../../../../Users/ahmed/Documents/GitHub/UE_JAM_4_22/Content/BluePrints/Actor/DamageableObjects/SteamDamageable.uasset" 333
"../../../../Users/ahmed/Documents/GitHub/UE_JAM_4_22/Content/BluePrints/Actor/FlickingLight.uasset" 334
"../../../../Users/ahmed/Documents/GitHub/UE_JAM_4_22/Content/BluePrints/RobotSpawnLocation.uasset" 335
"../../../../Users/ahmed/Documents/GitHub/UE_JAM_4_22/Content/BluePrints/GameMode/GameModeJam.uasset" 336
"../../../../Users/ahmed/Documents/GitHub/UE_JAM_4_22/Content/UI/WonScreen.uasset" 337
"../../../../Users/ahmed/Documents/GitHub/UE_JAM_4_22/Content/BluePrints/Actor/zoneWin.uasset" 338
"../../../../Users/ahmed/Documents/GitHub/UE_JAM_4_22/Content/BluePrints/Door_1_BluePrint.uasset" 339
"../../../../Users/ahmed/Documents/GitHub/UE_JAM_4_22/Content/BluePrints/SoundPlayer.uasset" 340
"../../../Engine/Content/Functions/Engine_MaterialFunctions02/3PointLevels.uasset" 341
"../../../../Users/ahmed/Documents/GitHub/UE_JAM_4_22/Content/Materials/Skybox/Skybox_Params.uasset" 342
"../../../../Users/ahmed/Documents/GitHub/UE_JAM_4_22/Content/Materials/Skybox/SpaceSkybox_1.uasset" 343
"../../../../Users/ahmed/Documents/GitHub/UE_JAM_4_22/Content/Materials/Skybox/Skybox_Mat.uasset" 344
"../../../Engine/Content/EngineSky/T_Sky_Blue.uasset" 345
"../../../Engine/Content/EngineSky/T_Sky_Clouds_M.uasset" 346
"../../../Engine/Content/EngineSky/T_Sky_Stars.uasset" 347
"../../../Engine/Content/EngineSky/M_Sky_Panning_Clouds2.uasset" 348
"../../../Engine/Content/EngineSky/SM_SkySphere.uasset" 349
"../../../../Users/ahmed/Documents/GitHub/UE_JAM_4_22/Content/BluePrints/Space_Skybox.uasset" 350
"../../../../Users/ahmed/Documents/GitHub/UE_JAM_4_22/Content/Textures/Wall_Tiles/WallTile_1_Base_Color.uasset" 351
"../../../../Users/ahmed/Documents/GitHub/UE_JAM_4_22/Content/Textures/Wall_Tiles/WallTile_1_Metallic.uasset" 352
"../../../../Users/ahmed/Documents/GitHub/UE_JAM_4_22/Content/Textures/Wall_Tiles/WallTile_1_Mixed_AO.uasset" 353
"../../../../Users/ahmed/Documents/GitHub/UE_JAM_4_22/Content/Textures/Wall_Tiles/WallTile_1_Roughness.uasset" 354
"../../../../Users/ahmed/Documents/GitHub/UE_JAM_4_22/Content/Textures/Wall_Tiles/WallTile_1_Base_Color_Mat.uasset" 355
"../../../../Users/ahmed/Documents/GitHub/UE_JAM_4_22/Content/Models/Objects/Wall_Tile1.uasset" 356
"../../../../Users/ahmed/Documents/GitHub/UE_JAM_4_22/Content/Models/Objects/Wall_Tile1_Bottom.uasset" 357
"../../../../Users/ahmed/Documents/GitHub/UE_JAM_4_22/Content/Models/Objects/Wall_Tile1_Top.uasset" 358
"../../../../Users/ahmed/Documents/GitHub/UE_JAM_4_22/Content/BluePrints/Wall_Tile1_BP.uasset" 359
"../../../../Users/ahmed/Documents/GitHub/UE_JAM_4_22/Content/SFX/Intro_Gap_at_end.uasset" 360
"../../../../Users/ahmed/Documents/GitHub/UE_JAM_4_22/Content/Cinematics/Intro.uasset" 361
"../../../../Users/ahmed/Documents/GitHub/UE_JAM_4_22/Content/Maps/Einar_1_BuiltData.uasset" 362
"../../../../Users/ahmed/Documents/GitHub/UE_JAM_4_22/Content/Materials/Blue_Emissive.uasset" 363
"../../../Engine/Content/Functions/Engine_MaterialFunctions02/Fresnel_Function.uasset" 364
"../../../../Users/ahmed/Documents/GitHub/UE_JAM_4_22/Content/Materials/Glass.uasset" 365
"../../../../Users/ahmed/Documents/GitHub/UE_JAM_4_22/Content/Materials/Grey.uasset" 366
"../../../../Users/ahmed/Documents/GitHub/UE_JAM_4_22/Content/Materials/Sun.uasset" 367
"../../../../Users/ahmed/Documents/GitHub/UE_JAM_4_22/Content/Materials/White_Emissive1.uasset" 368
"../../../../Users/ahmed/Documents/GitHub/UE_JAM_4_22/Content/Textures/Barrel/Barrel_mat_Base_Color.uasset" 369
"../../../../Users/ahmed/Documents/GitHub/UE_JAM_4_22/Content/Textures/Barrel/Barrel_mat_Metallic.uasset" 370
"../../../../Users/ahmed/Documents/GitHub/UE_JAM_4_22/Content/Textures/Barrel/Barrel_mat_Mixed_AO.uasset" 371
"../../../../Users/ahmed/Documents/GitHub/UE_JAM_4_22/Content/Textures/Barrel/Barrel_mat_Normal_DirectX.uasset" 372
"../../../../Users/ahmed/Documents/GitHub/UE_JAM_4_22/Content/Textures/Barrel/Barrel_mat_Roughness.uasset" 373
"../../../../Users/ahmed/Documents/GitHub/UE_JAM_4_22/Content/Textures/Barrel/Barrel_mat_Base_Color_Mat.uasset" 374
"../../../../Users/ahmed/Documents/GitHub/UE_JAM_4_22/Content/Textures/Crates/Crate1_Mat_Base_Color.uasset" 375
"../../../../Users/ahmed/Documents/GitHub/UE_JAM_4_22/Content/Textures/Crates/Crate1_Mat_Metallic.uasset" 376
"../../../../Users/ahmed/Documents/GitHub/UE_JAM_4_22/Content/Textures/Crates/Crate1_Mat_Mixed_AO.uasset" 377
"../../../../Users/ahmed/Documents/GitHub/UE_JAM_4_22/Content/Textures/Crates/Crate1_Mat_Normal_DirectX.uasset" 378
"../../../../Users/ahmed/Documents/GitHub/UE_JAM_4_22/Content/Textures/Crates/Crate1_Mat_Roughness.uasset" 379
"../../../../Users/ahmed/Documents/GitHub/UE_JAM_4_22/Content/Textures/Crates/Crate1_Mat_Base_Color_Mat.uasset" 380
"../../../../Users/ahmed/Documents/GitHub/UE_JAM_4_22/Content/Textures/Crates/Crate2_mat_Base_Color.uasset" 381
"../../../../Users/ahmed/Documents/GitHub/UE_JAM_4_22/Content/Textures/Crates/Crate2_mat_Metallic.uasset" 382
"../../../../Users/ahmed/Documents/GitHub/UE_JAM_4_22/Content/Textures/Crates/Crate2_mat_Mixed_AO.uasset" 383
"../../../../Users/ahmed/Documents/GitHub/UE_JAM_4_22/Content/Textures/Crates/Crate2_mat_Roughness.uasset" 384
"../../../../Users/ahmed/Documents/GitHub/UE_JAM_4_22/Content/Textures/Crates/Crate2_mat_Base_Color_Mat.uasset" 385
"../../../../Users/ahmed/Documents/GitHub/UE_JAM_4_22/Content/Textures/Cruiser/cruiser_window_Base_Color.uasset" 386
"../../../../Users/ahmed/Documents/GitHub/UE_JAM_4_22/Content/Textures/Cruiser/cruiser_window_Base_Color_Mat.uasset" 387
"../../../../Users/ahmed/Documents/GitHub/UE_JAM_4_22/Content/Textures/Cruiser/CruiserMat_Base_Color.uasset" 388
"../../../../Users/ahmed/Documents/GitHub/UE_JAM_4_22/Content/Textures/Cruiser/CruiserMat_Mixed_AO.uasset" 389
"../../../../Users/ahmed/Documents/GitHub/UE_JAM_4_22/Content/Textures/Cruiser/CruiserMat_Base_Color_Mat.uasset" 390
"../../../../Users/ahmed/Documents/GitHub/UE_JAM_4_22/Content/Textures/Cultist/Cultist_Base_Color.uasset" 391
"../../../../Users/ahmed/Documents/GitHub/UE_JAM_4_22/Content/Textures/Cultist/Cultist_Metallic.uasset" 392
"../../../../Users/ahmed/Documents/GitHub/UE_JAM_4_22/Content/Textures/Cultist/Cultist_Roughness.uasset" 393
"../../../../Users/ahmed/Documents/GitHub/UE_JAM_4_22/Content/Textures/Cultist/Cultist_Base_Color_Mat.uasset" 394
"../../../../Users/ahmed/Documents/GitHub/UE_JAM_4_22/Content/Textures/Cultist/Helmet_Metallic.uasset" 395
"../../../../Users/ahmed/Documents/GitHub/UE_JAM_4_22/Content/Textures/Cultist/Helmet_Roughness.uasset" 396
"../../../../Users/ahmed/Documents/GitHub/UE_JAM_4_22/Content/Textures/Cultist/Helmet_Base_Color_Mat.uasset" 397
"../../../../Users/ahmed/Documents/GitHub/UE_JAM_4_22/Content/Textures/FloorTile_1/Floor_Tile_1_mat_Base_Color.uasset" 398
"../../../../Users/ahmed/Documents/GitHub/UE_JAM_4_22/Content/Textures/FloorTile_1/Floor_Tile_1_mat_Metallic.uasset" 399
"../../../../Users/ahmed/Documents/GitHub/UE_JAM_4_22/Content/Textures/FloorTile_1/Floor_Tile_1_mat_Mixed_AO.uasset" 400
"../../../../Users/ahmed/Documents/GitHub/UE_JAM_4_22/Content/Textures/FloorTile_1/Floor_Tile_1_mat_Roughness.uasset" 401
"../../../../Users/ahmed/Documents/GitHub/UE_JAM_4_22/Content/Textures/FloorTile_1/Floor_Tile_1_mat_Base_Color_Mat.uasset" 402
"../../../Engine/Content/Functions/Engine_MaterialFunctions02/Utility/MakeFloat4.uasset" 403
"../../../../Users/ahmed/Documents/GitHub/UE_JAM_4_22/Content/Materials/Outline_Advanced.uasset" 404
"../../../../Users/ahmed/Documents/GitHub/UE_JAM_4_22/Content/Materials/Outline_Advanced_Inst.uasset" 405
"../../../Engine/Content/BasicShapes/Cylinder.uasset" 406
"../../../../Users/ahmed/Documents/GitHub/UE_JAM_4_22/Content/Models/Barrel.uasset" 407
"../../../../Users/ahmed/Documents/GitHub/UE_JAM_4_22/Content/Models/Cruiser.uasset" 408
"../../../../Users/ahmed/Documents/GitHub/UE_JAM_4_22/Content/Models/Cultist_PhysicsAsset.uasset" 409
"../../../../Users/ahmed/Documents/GitHub/UE_JAM_4_22/Content/Models/Cultist_Skeleton.uasset" 410
"../../../../Users/ahmed/Documents/GitHub/UE_JAM_4_22/Content/Models/Cultist.uasset" 411
"../../../../Users/ahmed/Documents/GitHub/UE_JAM_4_22/Content/Models/Cultist_2_Skeleton.uasset" 412
"../../../../Users/ahmed/Documents/GitHub/UE_JAM_4_22/Content/Models/Cultist_2.uasset" 413
"../../../../Users/ahmed/Documents/GitHub/UE_JAM_4_22/Content/Models/Environment/FloorTile_1.uasset" 414
"../../../../Users/ahmed/Documents/GitHub/UE_JAM_4_22/Content/Models/Objects/Crate_1.uasset" 415
"../../../../Users/ahmed/Documents/GitHub/UE_JAM_4_22/Content/Models/Objects/Crate_2.uasset" 416
"../../../../Users/ahmed/Documents/GitHub/UE_JAM_4_22/Content/Models/Objects/RobotHelper/Robot_Helper.uasset" 417
"../../../../Users/ahmed/Documents/GitHub/UE_JAM_4_22/Content/Models/Objects/sb.uasset" 418
"../../../../Users/ahmed/Documents/GitHub/UE_JAM_4_22/Content/Models/Objects/Wall_Tile1_Pillar.uasset" 419
"../../../../Users/ahmed/Documents/GitHub/UE_JAM_4_22/Content/SFX/234316__nick121087__spaceship-ambience__1_.uasset" 420
"../../../../Users/ahmed/Documents/GitHub/UE_JAM_4_22/Content/SFX/Ambience_2_0.uasset" 421
"../../../../Users/ahmed/Documents/GitHub/UE_JAM_4_22/Content/SFX/Entity_-_Cultist_Corpse.uasset" 422
"../../../../Users/ahmed/Documents/GitHub/UE_JAM_4_22/Content/SFX/Entity_-_Hoarding_Objects_Cats.uasset" 423
"../../../../Users/ahmed/Documents/GitHub/UE_JAM_4_22/Content/SFX/Entity_-_Make_me_Sick.uasset" 424
"../../../../Users/ahmed/Documents/GitHub/UE_JAM_4_22/Content/SFX/Entity_-_Taking_my_stuff_to_Earth.uasset" 425
"../../../../Users/ahmed/Documents/GitHub/UE_JAM_4_22/Content/UI/Credits.uasset" 426
"../../../../Users/ahmed/Documents/GitHub/UE_JAM_4_22/Content/Maps/Einar_1.umap" 427
"../../../../Users/ahmed/Documents/GitHub/UE_JAM_4_22/Content/BluePrints/Master_SoundMix.uasset" 428
"../../../../Users/ahmed/Documents/GitHub/UE_JAM_4_22/Content/UI/SettingsWidget.uasset" 429
"../../../../Users/ahmed/Documents/GitHub/UE_JAM_4_22/Content/BluePrints/3D_SettingsMenu.uasset" 430
"../../../../Users/ahmed/Documents/GitHub/UE_JAM_4_22/Content/BluePrints/EmptyActor.uasset" 431
"../../../../Users/ahmed/Documents/GitHub/UE_JAM_4_22/Content/BluePrints/PlayButtonSpawn.uasset" 432
"../../../../Users/ahmed/Documents/GitHub/UE_JAM_4_22/Content/BluePrints/QuitButtonSpawn.uasset" 433
"../../../../Users/ahmed/Documents/GitHub/UE_JAM_4_22/Content/BluePrints/SettingsButtonSpawn.uasset" 434
"../../../../Users/ahmed/Documents/GitHub/UE_JAM_4_22/Content/BluePrints/SettingsSpawnLocation.uasset" 435
"../../../../Users/ahmed/Documents/GitHub/UE_JAM_4_22/Content/BluePrints/WidgetLocationSetter.uasset" 436
"../../../../Users/ahmed/Documents/GitHub/UE_JAM_4_22/Content/Debug/SpaceShip.uasset" 437
"../../../../Users/ahmed/Documents/GitHub/UE_JAM_4_22/Content/Cinematics/SettingsNear.uasset" 438
"../../../../Users/ahmed/Documents/GitHub/UE_JAM_4_22/Content/Materials/Black.uasset" 439
"../../../../Users/ahmed/Documents/GitHub/UE_JAM_4_22/Content/Materials/Skybox/Skybox_MainMenu_Mat.uasset" 440
"../../../Engine/Content/EngineMaterials/NewBaseFlattenMaterial.uasset" 441
"../../../Engine/Content/BasicShapes/M_Cube_Black_77ED65B647A0910BF3BA578E36F94C91.uasset" 442
"../../../../Users/ahmed/Documents/GitHub/UE_JAM_4_22/Content/Effects/ParticleSystems/Pointer/Dot_Mat.uasset" 443
"../../../../Users/ahmed/Documents/GitHub/UE_JAM_4_22/Content/Effects/ParticleSystems/Stars/MovingStars.uasset" 444
"../../../../Users/ahmed/Documents/GitHub/UE_JAM_4_22/Content/Models/Cockpit/without_panels_albedo.uasset" 445
"../../../../Users/ahmed/Documents/GitHub/UE_JAM_4_22/Content/Models/Cockpit/without_panels_emissive.uasset" 446
"../../../../Users/ahmed/Documents/GitHub/UE_JAM_4_22/Content/Models/Cockpit/without_panels_metallic.uasset" 447
"../../../../Users/ahmed/Documents/GitHub/UE_JAM_4_22/Content/Models/Cockpit/without_panels_normal.uasset" 448
"../../../../Users/ahmed/Documents/GitHub/UE_JAM_4_22/Content/Models/Cockpit/without_panels_opacity.uasset" 449
"../../../../Users/ahmed/Documents/GitHub/UE_JAM_4_22/Content/Models/Cockpit/without_panels_roughness.uasset" 450
"../../../../Users/ahmed/Documents/GitHub/UE_JAM_4_22/Content/Models/Cockpit/without_panels.uasset" 451
"../../../../Users/ahmed/Documents/GitHub/UE_JAM_4_22/Content/Models/Cockpit/Cockpit_Cube_004.uasset" 452
"../../../../Users/ahmed/Documents/GitHub/UE_JAM_4_22/Content/Models/Cockpit/panels_albedo.uasset" 453
"../../../../Users/ahmed/Documents/GitHub/UE_JAM_4_22/Content/Models/Cockpit/panels_emissive.uasset" 454
"../../../../Users/ahmed/Documents/GitHub/UE_JAM_4_22/Content/Models/Cockpit/panels_metallic.uasset" 455
"../../../../Users/ahmed/Documents/GitHub/UE_JAM_4_22/Content/Models/Cockpit/panels_normal.uasset" 456
"../../../../Users/ahmed/Documents/GitHub/UE_JAM_4_22/Content/Models/Cockpit/panels_opacity.uasset" 457
"../../../../Users/ahmed/Documents/GitHub/UE_JAM_4_22/Content/Models/Cockpit/panels_roughness.uasset" 458
"../../../../Users/ahmed/Documents/GitHub/UE_JAM_4_22/Content/Models/Cockpit/panels.uasset" 459
"../../../../Users/ahmed/Documents/GitHub/UE_JAM_4_22/Content/Models/Cockpit/Cockpit_Cube_005.uasset" 460
"../../../../Users/ahmed/Documents/GitHub/UE_JAM_4_22/Content/Models/Cockpit/Cockpit_Cylinder.uasset" 461
"../../../../Users/ahmed/Documents/GitHub/UE_JAM_4_22/Content/Models/Cockpit/Cockpit_Cylinder_001.uasset" 462
"../../../../Users/ahmed/Documents/GitHub/UE_JAM_4_22/Content/Models/Cockpit/Cockpit_Cylinder_005.uasset" 463
"../../../../Users/ahmed/Documents/GitHub/UE_JAM_4_22/Content/Models/Cockpit/Cockpit_monitor.uasset" 464
"../../../../Users/ahmed/Documents/GitHub/UE_JAM_4_22/Content/Models/Cockpit/Cockpit_Plane.uasset" 465
"../../../../Users/ahmed/Documents/GitHub/UE_JAM_4_22/Content/Models/Shio_Window.uasset" 466
"../../../../Users/ahmed/Documents/GitHub/UE_JAM_4_22/Content/Maps/mainmenu.umap" 467
"../../../Engine/Content/Maps/Entry_BuiltData.uasset" 468
"../../../Engine/Content/Maps/Entry.umap" 469
